2017-08-17 11:39:14.175 0000000365 コンテンツがありません。（/favicon.ico)
2017-08-17 11:40:00.230 0000000365 コンテンツがありません。（/rf_images/spot/2450013_Mitsui_Garden_Hotel_Chiba.jpg)
2017-08-17 11:40:00.230 0000000365 コンテンツがありません。（/rf_images/spot/2458002_Hotel_Green_Tower_Makuhari.jpg)
2017-08-17 11:40:00.232 0000000365 コンテンツがありません。（/rf_images/spot/2458003_Hotel_Francs.jpg)
2017-08-17 11:40:00.234 0000000365 コンテンツがありません。（/rf_images/spot/2420002_Mercure_Hotel_Narita.jpg)
2017-08-17 11:40:00.250 0000000365 コンテンツがありません。（/rf_images/spot/2419003_Hotel_Nikko_Narita.jpg)
2017-08-17 11:40:00.260 0000000365 コンテンツがありません。（/rf_images/spot/2419008_Narita_Excel_Hotel_Tokyu.jpg)
2017-08-17 11:40:00.262 0000000365 コンテンツがありません。（/rf_images/spot/2019003_ANA_Crowne_Plaza_Hotel_Narita.jpg)
2017-08-17 11:40:00.263 0000000365 コンテンツがありません。（/rf_images/spot/2419002_Narita_Tobu_Hotel_Airport.jpg)
2017-08-17 11:40:08.885 0000000365 コンテンツがありません。（/rf_images/brochure/ph0002.jpg)
2017-08-17 11:40:08.888 0000000365 コンテンツがありません。（/rf_images/brochure/ph0003.jpg)
2017-08-17 11:40:08.890 0000000365 コンテンツがありません。（/rf_images/brochure/ph0001.jpg)
2017-08-17 11:41:33.086 0000000365 コンテンツがありません。（/rf_images/map/map02.jpg)
2017-08-17 11:41:33.092 0000000365 コンテンツがありません。（/rf_images/map/map03.jpg)
2017-08-17 11:41:33.094 0000000365 コンテンツがありません。（/rf_images/map/map04.jpg)
2017-08-17 11:41:33.095 0000000365 コンテンツがありません。（/rf_images/map/map01.jpg)
2017-08-17 11:41:33.095 0000000365 コンテンツがありません。（/rf_images/map/access01.jpg)
2017-08-17 11:41:33.103 0000000365 コンテンツがありません。（/rf_images/map/access02.jpg)
2017-08-17 11:41:33.105 0000000365 コンテンツがありません。（/rf_images/map/access03.jpg)
2017-08-17 11:41:42.206 0000000365 コンテンツがありません。（/rf_images/map/map02.jpg)
2017-08-17 11:54:11.024 0000000365 コンテンツがありません。（/rf_images/coupon/cp002.jpg)
2017-08-17 11:54:24.794 0000000365 コンテンツがありません。（/rf_images/coupon/cp002.jpg)
2017-08-17 11:54:30.186 0000000365 コンテンツがありません。（/rf_images/coupon/cp002.jpg)
2017-08-17 11:59:27.532 0000000365 コンテンツがありません。（/rf_images/coupon/cp002.jpg)
2017-08-17 11:59:29.532 0000000365 コンテンツがありません。（/rf_images//spot/2450013_Mitsui_Garden_Hotel_Chiba.jpg)
2017-08-17 12:03:02.086 0000000365 コンテンツがありません。（/df/fm)
2017-08-17 12:06:29.783 0000000365 コンテンツがありません。（/df/fm)
2017-08-17 12:06:57.099 0000000365 コンテンツがありません。（/rf_images//spot/2450013_Mitsui_Garden_Hotel_Chiba.jpg)
2017-08-17 12:07:03.847 0000000365 コンテンツがありません。（/rf_images/spot/2450013_Mitsui_Garden_Hotel_Chiba.jpg)
2017-08-17 12:07:03.847 0000000365 コンテンツがありません。（/rf_images/spot/2458002_Hotel_Green_Tower_Makuhari.jpg)
2017-08-17 12:07:03.849 0000000365 コンテンツがありません。（/rf_images/spot/2458003_Hotel_Francs.jpg)
2017-08-17 12:07:03.850 0000000365 コンテンツがありません。（/rf_images/spot/2420002_Mercure_Hotel_Narita.jpg)
2017-08-17 12:07:03.889 0000000365 コンテンツがありません。（/rf_images/spot/2419003_Hotel_Nikko_Narita.jpg)
2017-08-17 12:07:03.891 0000000365 コンテンツがありません。（/rf_images/spot/2419008_Narita_Excel_Hotel_Tokyu.jpg)
2017-08-17 12:07:03.892 0000000365 コンテンツがありません。（/rf_images/spot/2019003_ANA_Crowne_Plaza_Hotel_Narita.jpg)
2017-08-17 12:07:03.901 0000000365 コンテンツがありません。（/rf_images/spot/2419002_Narita_Tobu_Hotel_Airport.jpg)
2017-08-17 12:13:31.708 0000000365 コンテンツがありません。（/rf_images/spot/2450013_Mitsui_Garden_Hotel_Chiba.jpg)
2017-08-17 12:13:31.710 0000000365 コンテンツがありません。（/rf_images/spot/2458002_Hotel_Green_Tower_Makuhari.jpg)
2017-08-17 12:13:31.712 0000000365 コンテンツがありません。（/rf_images/spot/2458003_Hotel_Francs.jpg)
2017-08-17 12:13:31.713 0000000365 コンテンツがありません。（/rf_images/spot/2420002_Mercure_Hotel_Narita.jpg)
2017-08-17 12:13:31.752 0000000365 コンテンツがありません。（/rf_images/spot/2419003_Hotel_Nikko_Narita.jpg)
2017-08-17 12:13:31.753 0000000365 コンテンツがありません。（/rf_images/spot/2419008_Narita_Excel_Hotel_Tokyu.jpg)
2017-08-17 12:13:31.754 0000000365 コンテンツがありません。（/rf_images/spot/2019003_ANA_Crowne_Plaza_Hotel_Narita.jpg)
2017-08-17 12:13:31.755 0000000365 コンテンツがありません。（/rf_images/spot/2419002_Narita_Tobu_Hotel_Airport.jpg)
2017-08-17 12:16:09.562 0000000365 コンテンツがありません。（/rf_images/map/map02.jpg)
2017-08-17 12:16:09.563 0000000365 コンテンツがありません。（/rf_images/map/map03.jpg)
2017-08-17 12:16:09.566 0000000365 コンテンツがありません。（/rf_images/map/map04.jpg)
2017-08-17 12:16:09.566 0000000365 コンテンツがありません。（/rf_images/map/map01.jpg)
2017-08-17 12:16:09.568 0000000365 コンテンツがありません。（/rf_images/map/access01.jpg)
2017-08-17 12:16:09.573 0000000365 コンテンツがありません。（/rf_images/map/access02.jpg)
2017-08-17 12:16:09.576 0000000365 コンテンツがありません。（/rf_images/map/access03.jpg)
2017-08-17 12:31:14.584 0000000365 コンテンツがありません。（/)
2017-08-17 12:31:14.584 0000000365 コンテンツがありません。（/)
2017-08-17 12:31:14.600 0000000365 コンテンツがありません。（/)
2017-08-17 12:40:38.891 0000000365 コンテンツがありません。（/rf_images/coupon/cp002.jpg)
2017-08-17 12:40:45.925 0000000365 コンテンツがありません。（/rf_images//spot/2450013_Mitsui_Garden_Hotel_Chiba.jpg)
2017-08-17 12:40:50.085 0000000365 コンテンツがありません。（/rf_images/coupon/cp002.jpg)
2017-08-17 13:01:14.613 0000000365 コンテンツがありません。（/)
2017-08-17 13:01:14.616 0000000365 コンテンツがありません。（/)
2017-08-17 13:01:14.620 0000000365 コンテンツがありません。（/)
2017-08-17 13:08:38.028 0000000365 コンテンツがありません。（/rf_images/spot/2450013_Mitsui_Garden_Hotel_Chiba.jpg)
2017-08-17 13:08:38.029 0000000365 コンテンツがありません。（/rf_images/spot/2458002_Hotel_Green_Tower_Makuhari.jpg)
2017-08-17 13:08:38.030 0000000365 コンテンツがありません。（/rf_images/spot/2458003_Hotel_Francs.jpg)
2017-08-17 13:08:38.035 0000000365 コンテンツがありません。（/rf_images/spot/2420002_Mercure_Hotel_Narita.jpg)
2017-08-17 13:08:38.043 0000000365 コンテンツがありません。（/rf_images/spot/2419003_Hotel_Nikko_Narita.jpg)
2017-08-17 13:08:38.056 0000000365 コンテンツがありません。（/rf_images/spot/2419008_Narita_Excel_Hotel_Tokyu.jpg)
2017-08-17 13:08:38.057 0000000365 コンテンツがありません。（/rf_images/spot/2019003_ANA_Crowne_Plaza_Hotel_Narita.jpg)
2017-08-17 13:08:38.057 0000000365 コンテンツがありません。（/rf_images/spot/2419002_Narita_Tobu_Hotel_Airport.jpg)
2017-08-17 13:21:20.178 0000000365 コンテンツがありません。（/rf_images/coupon/cp002.jpg)
2017-08-17 13:21:25.594 0000000365 コンテンツがありません。（/rf_images/coupon/cp002.jpg)
2017-08-17 13:23:40.107 0000000365 コンテンツがありません。（/rf_images/coupon/cp002.jpg)
2017-08-17 13:23:44.670 0000000365 コンテンツがありません。（/rf_images/coupon/cp002.jpg)
2017-08-17 13:32:16.281 0000000365 コンテンツがありません。（/rf_images/coupon/cp002.jpg)
2017-08-17 13:33:30.432 0000000365 コンテンツがありません。（/df/fm)
2017-08-17 14:01:15.660 0000000365 コンテンツがありません。（/)
2017-08-17 14:01:15.660 0000000365 コンテンツがありません。（/)
2017-08-17 14:01:15.660 0000000365 コンテンツがありません。（/)
