2017-08-17 11:39:16.609 0000000365 言語選択画面 - カードで言語切替 -,IDM:null
2017-08-17 11:39:16.611 0000000365 言語選択画面 - 初期表示 
2017-08-17 11:39:24.982 0000000365 言語選択画面 - 言語選択 日本語
2017-08-17 11:39:25.647 0000000365 ホーム画面 日本語 初期表示 
2017-08-17 11:39:26.742 0000000365 ホーム画面 日本語 周辺検索 
2017-08-17 11:39:27.552 0000000365 検索条件指定（施設・観光）画面 日本語 初期表示 
2017-08-17 11:39:47.930 0000000365 検索条件指定（施設・観光）画面 日本語 初期表示 
2017-08-17 11:39:58.714 0000000365 検索条件指定（施設・観光）画面 日本語 条件検索 
2017-08-17 11:39:59.560 0000000365 施設・観光情報（オンライン）画面 日本語 初期表示 
2017-08-17 11:40:06.112 0000000365 施設・観光情報（オンライン）画面 日本語 ホーム 
2017-08-17 11:40:06.810 0000000365 ホーム画面 日本語 初期表示 
2017-08-17 11:40:08.203 0000000365 ホーム画面 日本語 パンフレット 
2017-08-17 11:40:08.886 0000000365 パンフレット情報画面 日本語 初期表示 
2017-08-17 11:41:30.276 0000000365 パンフレット情報画面 日本語 ホーム 
2017-08-17 11:41:30.926 0000000365 ホーム画面 日本語 初期表示 
2017-08-17 11:41:32.390 0000000365 ホーム画面 日本語 地図・交通 
2017-08-17 11:41:33.084 0000000365 地図・交通情報画面 日本語 初期表示 
2017-08-17 11:41:41.428 0000000365 地図・交通情報画面 日本語 詳細表示 002
2017-08-17 11:41:42.204 0000000365 地図・交通情報詳細画面 日本語 初期表示 002
2017-08-17 11:41:49.138 0000000365 地図・交通情報詳細画面 日本語 ホーム 002
2017-08-17 11:41:49.767 0000000365 ホーム画面 日本語 初期表示 
2017-08-17 11:43:49.774 0000000365 ホーム画面 日本語 初期表示 
2017-08-17 11:45:49.780 0000000365 ホーム画面 日本語 初期表示 
2017-08-17 11:51:24.723 0000000365 ホーム画面 日本語 初期表示 
2017-08-17 11:51:32.237 0000000365 ホーム画面 日本語 クーポン 
2017-08-17 11:51:32.998 0000000365 条件指定（クーポン）画面画面 日本語 初期表示 
2017-08-17 11:51:34.240 0000000365 条件指定（クーポン）画面画面 日本語 条件検索 
2017-08-17 11:54:11.012 0000000365 クーポン画面 日本語 初期表示 
2017-08-17 11:54:14.366 0000000365 クーポン画面 日本語 ホーム 
2017-08-17 11:54:15.106 0000000365 ホーム画面 日本語 初期表示 
2017-08-17 11:54:15.912 0000000365 ホーム画面 日本語 クーポン 
2017-08-17 11:54:16.624 0000000365 条件指定（クーポン）画面画面 日本語 初期表示 
2017-08-17 11:54:24.000 0000000365 条件指定（クーポン）画面画面 日本語 条件検索 
2017-08-17 11:54:24.792 0000000365 クーポン画面 日本語 初期表示 
2017-08-17 11:54:27.066 0000000365 クーポン画面 日本語 条件検索 見る 
2017-08-17 11:54:28.261 0000000365 クーポン画面 日本語 条件検索 見る ～1km
2017-08-17 11:54:30.182 0000000365 クーポン画面 日本語 初期表示 
2017-08-17 11:55:09.735 0000000365 クーポン画面 日本語 初期表示 
2017-08-17 11:59:27.522 0000000365 クーポン画面 日本語 初期表示 
2017-08-17 11:59:28.066 0000000365 クーポン画面 日本語 詳細表示 0002
2017-08-17 11:59:29.529 0000000365 施設情報詳細画面 日本語 初期表示 2450013
2017-08-17 12:00:35.054 0000000365 施設情報詳細画面 日本語 初期表示 2450013
2017-08-17 12:06:57.084 0000000365 施設情報詳細画面 日本語 初期表示 2450013
2017-08-17 12:06:57.657 0000000365 施設情報詳細画面 日本語 ホーム 2450013
2017-08-17 12:06:58.518 0000000365 ホーム画面 日本語 初期表示 
2017-08-17 12:06:59.236 0000000365 ホーム画面 日本語 周辺検索 
2017-08-17 12:07:00.060 0000000365 検索条件指定（施設・観光）画面 日本語 初期表示 
2017-08-17 12:07:00.875 0000000365 検索条件指定（施設・観光）画面 日本語 条件検索 
2017-08-17 12:07:01.650 0000000365 施設・観光情報（オンライン）画面 日本語 初期表示 
2017-08-17 12:07:06.782 0000000365 施設・観光情報（オンライン）画面 日本語 条件検索 買う 
2017-08-17 12:07:08.198 0000000365 施設・観光情報（オンライン）画面 日本語 条件検索  300m
2017-08-17 12:09:01.659 0000000365 施設・観光情報（オンライン）画面 日本語 初期表示 
2017-08-17 12:09:06.798 0000000365 施設・観光情報（オンライン）画面 日本語 条件検索 買う 
2017-08-17 12:09:08.211 0000000365 施設・観光情報（オンライン）画面 日本語 条件検索  300m
2017-08-17 12:09:33.370 0000000365 施設・観光情報（オンライン）画面 日本語 初期表示 
2017-08-17 12:13:25.994  施設・観光情報（オンライン）画面 日本語 初期表示 
2017-08-17 12:13:26.750  施設・観光情報（オンライン）画面 日本語 ホーム 
2017-08-17 12:13:27.462  ホーム画面 日本語 初期表示 
2017-08-17 12:13:28.261  ホーム画面 日本語 周辺検索 
2017-08-17 12:13:29.037  検索条件指定（施設・観光）画面 日本語 初期表示 
2017-08-17 12:13:30.211  検索条件指定（施設・観光）画面 日本語 条件検索 
2017-08-17 12:13:31.004  施設・観光情報（オンライン）画面 日本語 初期表示 
2017-08-17 12:13:34.167  施設・観光情報（オンライン）画面 日本語 ホーム 
2017-08-17 12:13:34.889  ホーム画面 日本語 初期表示 
2017-08-17 12:15:58.460  ホーム画面 日本語 初期表示 
2017-08-17 12:16:00.557  ホーム画面 日本語 周辺検索 
2017-08-17 12:16:01.287  検索条件指定（施設・観光）画面 日本語 初期表示 
2017-08-17 12:16:02.201  検索条件指定（施設・観光）画面 日本語 ホーム 
2017-08-17 12:16:02.896  ホーム画面 日本語 初期表示 
2017-08-17 12:16:03.510  ホーム画面 日本語 クーポン 
2017-08-17 12:16:04.328  条件指定（クーポン）画面画面 日本語 初期表示 
2017-08-17 12:16:05.249  条件指定（クーポン）画面画面 日本語 ホーム 
2017-08-17 12:16:05.913  ホーム画面 日本語 初期表示 
2017-08-17 12:16:08.797  ホーム画面 日本語 地図・交通 
2017-08-17 12:16:09.540 0000000365 地図・交通情報画面 日本語 初期表示 
2017-08-17 12:16:10.290 0000000365 地図・交通情報画面 日本語 ホーム 
2017-08-17 12:16:10.965 0000000365 ホーム画面 日本語 初期表示 
2017-08-17 12:40:28.442 0000000365 言語選択画面 - 初期表示 
2017-08-17 12:40:30.549 0000000365 言語選択画面 - 言語選択 日本語
2017-08-17 12:40:31.219 0000000365 ホーム画面 日本語 初期表示 
2017-08-17 12:40:35.607 0000000365 ホーム画面 日本語 クーポン 
2017-08-17 12:40:36.397 0000000365 条件指定（クーポン）画面画面 日本語 初期表示 
2017-08-17 12:40:38.109 0000000365 条件指定（クーポン）画面画面 日本語 条件検索 
2017-08-17 12:40:38.885 0000000365 クーポン画面 日本語 初期表示 
2017-08-17 12:40:44.960 0000000365 クーポン画面 日本語 詳細表示 0002
2017-08-17 12:40:45.921 0000000365 施設情報詳細画面 日本語 初期表示 2450013
2017-08-17 12:40:50.082 0000000365 クーポン画面 日本語 初期表示 
2017-08-17 13:08:03.386 0000000365 言語選択画面 - 初期表示 
2017-08-17 13:08:08.677 0000000365 言語選択画面 - 言語選択 日本語
2017-08-17 13:08:09.401 0000000365 ホーム画面 日本語 初期表示 
2017-08-17 13:08:10.912 0000000365 ホーム画面 日本語 周辺検索 
2017-08-17 13:08:11.633 0000000365 検索条件指定（施設・観光）画面 日本語 初期表示 
2017-08-17 13:08:13.004 0000000365 検索条件指定（施設・観光）画面 日本語 条件検索 
2017-08-17 13:08:37.229 0000000365 施設・観光情報（オンライン）画面 日本語 初期表示 
2017-08-17 13:21:09.152 0000000365 言語選択画面 - 初期表示 
2017-08-17 13:21:15.193 0000000365 言語選択画面 - 言語選択 日本語
2017-08-17 13:21:15.901 0000000365 ホーム画面 日本語 初期表示 
2017-08-17 13:21:17.229 0000000365 ホーム画面 日本語 クーポン 
2017-08-17 13:21:17.940 0000000365 条件指定（クーポン）画面画面 日本語 初期表示 
2017-08-17 13:21:19.461 0000000365 条件指定（クーポン）画面画面 日本語 条件検索 
2017-08-17 13:21:20.175 0000000365 クーポン画面 日本語 初期表示 
2017-08-17 13:21:22.811 0000000365 クーポン画面 日本語 条件検索 自然景観 
2017-08-17 13:21:25.590 0000000365 クーポン画面 日本語 初期表示 
2017-08-17 13:23:40.100 0000000365 クーポン画面 日本語 初期表示 
2017-08-17 13:23:44.661 0000000365 クーポン画面 日本語 初期表示 
2017-08-17 13:32:16.267  クーポン画面 日本語 初期表示 
2017-08-17 13:32:20.117  クーポン画面 日本語 ホーム 
2017-08-17 13:32:20.835  ホーム画面 日本語 初期表示 
2017-08-17 13:32:21.692  ホーム画面 日本語 周辺検索 
2017-08-17 13:32:22.387  検索条件指定（施設・観光）画面 日本語 初期表示 
2017-08-17 13:32:25.152  検索条件指定（施設・観光）画面 日本語 初期表示 
